2020-09-24 15:31:52,086 355273 INFO  - ==> GRPC service request ended:  >>> isbn: 618260308

2020-09-24 15:31:54,371 357558 ERROR - ==> GRPC service request failed: null
2020-09-24 15:31:54,371 357558 ERROR - Exception while executing runnable io.grpc.internal.ServerImpl$JumpToApplicationThreadServerStreamListener$1HalfClosed@1f2f9fca
java.lang.NullPointerException: null
	at lib.grpc.services.auto.BookLibraryProtos$GenericResponse$Builder.setMessage(BookLibraryProtos.java:6000) ~[classes/:?]
	at lib.grpc.aspect.ServiceAdvices.exceptionAdvice(ServiceAdvices.java:70) ~[classes/:?]
	at sun.reflect.NativeMethodAccessorImpl.invoke0(Native Method) ~[?:1.8.0_252]
	at sun.reflect.NativeMethodAccessorImpl.invoke(NativeMethodAccessorImpl.java:62) ~[?:1.8.0_252]
	at sun.reflect.DelegatingMethodAccessorImpl.invoke(DelegatingMethodAccessorImpl.java:43) ~[?:1.8.0_252]
	at java.lang.reflect.Method.invoke(Method.java:498) ~[?:1.8.0_252]
	at org.springframework.aop.aspectj.AbstractAspectJAdvice.invokeAdviceMethodWithGivenArgs(AbstractAspectJAdvice.java:644) ~[spring-aop-5.1.16.RELEASE.jar:5.1.16.RELEASE]
	at org.springframework.aop.aspectj.AbstractAspectJAdvice.invokeAdviceMethod(AbstractAspectJAdvice.java:626) ~[spring-aop-5.1.16.RELEASE.jar:5.1.16.RELEASE]
	at org.springframework.aop.aspectj.AspectJAfterThrowingAdvice.invoke(AspectJAfterThrowingAdvice.java:66) ~[spring-aop-5.1.16.RELEASE.jar:5.1.16.RELEASE]
	at org.springframework.aop.framework.ReflectiveMethodInvocation.proceed(ReflectiveMethodInvocation.java:175) ~[spring-aop-5.1.16.RELEASE.jar:5.1.16.RELEASE]
	at org.springframework.aop.interceptor.ExposeInvocationInterceptor.invoke(ExposeInvocationInterceptor.java:93) ~[spring-aop-5.1.16.RELEASE.jar:5.1.16.RELEASE]
	at org.springframework.aop.framework.ReflectiveMethodInvocation.proceed(ReflectiveMethodInvocation.java:186) ~[spring-aop-5.1.16.RELEASE.jar:5.1.16.RELEASE]
	at org.springframework.aop.framework.CglibAopProxy$DynamicAdvisedInterceptor.intercept(CglibAopProxy.java:691) ~[spring-aop-5.1.16.RELEASE.jar:5.1.16.RELEASE]
	at lib.grpc.services.GrpcBookService$$EnhancerBySpringCGLIB$$68a893e.saveBookToServer(<generated>) ~[classes/:?]
	at lib.grpc.services.auto.BookServiceGrpc$MethodHandlers.invoke(BookServiceGrpc.java:801) ~[classes/:?]
	at io.grpc.stub.ServerCalls$UnaryServerCallHandler$UnaryServerCallListener.onHalfClose(ServerCalls.java:172) ~[grpc-stub-1.30.0.jar:1.30.0]
	at io.grpc.internal.ServerCallImpl$ServerStreamListenerImpl.halfClosed(ServerCallImpl.java:331) ~[grpc-core-1.30.0.jar:1.30.0]
	at io.grpc.internal.ServerImpl$JumpToApplicationThreadServerStreamListener$1HalfClosed.runInContext(ServerImpl.java:820) ~[grpc-core-1.30.0.jar:1.30.0]
	at io.grpc.internal.ContextRunnable.run(ContextRunnable.java:37) ~[grpc-core-1.30.0.jar:1.30.0]
	at io.grpc.internal.SerializingExecutor.run(SerializingExecutor.java:123) [grpc-core-1.30.0.jar:1.30.0]
	at java.util.concurrent.ThreadPoolExecutor.runWorker(ThreadPoolExecutor.java:1149) [?:1.8.0_252]
	at java.util.concurrent.ThreadPoolExecutor$Worker.run(ThreadPoolExecutor.java:624) [?:1.8.0_252]
	at java.lang.Thread.run(Thread.java:748) [?:1.8.0_252]
2020-09-24 15:32:23,851 387038 INFO  - ==> GRPC service request recieved: lib.grpc.services.auto.IsbnRequest >>> isbn: 618260308
 >>> Requester: execution(void lib.grpc.services.GrpcBookService.saveBookToServer(IsbnRequest,StreamObserver))
2020-09-24 15:32:35,306 398493 INFO  - ==> GRPC service request ended:  >>> isbn: 618260308

2020-09-24 15:32:35,307 398494 INFO  - ==> GRPC service request successfull:  >>> isbn: 618260308

2020-09-24 15:32:50,878 414065 INFO  - ==> GRPC service request recieved: lib.grpc.services.auto.EmptyRequest >>>  >>> Requester: execution(void lib.grpc.services.GrpcBookService.logout(EmptyRequest,StreamObserver))
2020-09-24 15:32:50,883 414070 INFO  - ==> GRPC service request ended:  >>> 
2020-09-24 15:32:50,883 414070 INFO  - ==> GRPC service request successfull:  >>> 
2020-09-24 16:43:30,446 4653633 INFO  - ==> GRPC service request recieved: lib.grpc.services.auto.EmptyRequest >>>  >>> Requester: execution(void lib.grpc.services.GrpcBookService.getAllBooks(EmptyRequest,StreamObserver))
2020-09-24 16:43:30,849 4654036 WARN  - SQL Warning Code: 10000, SQLState: 01J01
2020-09-24 16:43:30,849 4654036 WARN  - Database 'mydb' not created, connection made to existing database instead.
2020-09-24 16:43:31,411 4654598 INFO  - ==> GRPC service request ended:  >>> 
2020-09-24 16:43:31,412 4654599 INFO  - ==> GRPC service request successfull:  >>> 
2020-09-24 16:43:39,571 4662758 INFO  - ==> GRPC service request recieved: lib.grpc.services.auto.EmptyRequest >>>  >>> Requester: execution(void lib.grpc.services.GrpcBookService.logout(EmptyRequest,StreamObserver))
2020-09-24 16:43:39,572 4662759 INFO  - ==> GRPC service request ended:  >>> 
2020-09-24 16:43:39,573 4662760 INFO  - ==> GRPC service request successfull:  >>> 
2020-09-24 16:44:18,944 4702131 INFO  - ==> GRPC service request recieved: lib.grpc.services.auto.UserLoginRequest >>> serverUrl: "http://localhost:8080/nuxeo"
userId: "gaurav"
password: "gaurav"
 >>> Requester: execution(void lib.grpc.services.GrpcBookService.login(UserLoginRequest,StreamObserver))
2020-09-24 16:44:19,023 4702210 INFO  - ==> GRPC service request ended:  >>> serverUrl: "http://localhost:8080/nuxeo"
userId: "gaurav"
password: "gaurav"

2020-09-24 16:44:19,024 4702211 INFO  - ==> GRPC service request successfull:  >>> serverUrl: "http://localhost:8080/nuxeo"
userId: "gaurav"
password: "gaurav"

2020-09-24 16:44:23,492 4706679 INFO  - ==> GRPC service request recieved: lib.grpc.services.auto.EmptyRequest >>>  >>> Requester: execution(void lib.grpc.services.GrpcBookService.logout(EmptyRequest,StreamObserver))
2020-09-24 16:44:23,493 4706680 INFO  - ==> GRPC service request ended:  >>> 
2020-09-24 16:44:23,493 4706680 INFO  - ==> GRPC service request successfull:  >>> 
2020-09-24 16:49:29,004 5012191 INFO  - ==> GRPC service request recieved: lib.grpc.services.auto.EmptyRequest >>>  >>> Requester: execution(void lib.grpc.services.GrpcBookService.getAllBooks(EmptyRequest,StreamObserver))
2020-09-24 16:49:29,724 5012911 INFO  - ==> GRPC service request ended:  >>> 
2020-09-24 16:49:29,724 5012911 INFO  - ==> GRPC service request successfull:  >>> 
2020-09-24 16:52:15,939 5179126 INFO  - ==> GRPC service request recieved: lib.grpc.services.auto.EmptyRequest >>>  >>> Requester: execution(void lib.grpc.services.GrpcBookService.getAllBooks(EmptyRequest,StreamObserver))
2020-09-24 16:52:16,428 5179615 INFO  - ==> GRPC service request ended:  >>> 
2020-09-24 16:52:16,429 5179616 INFO  - ==> GRPC service request successfull:  >>> 
2020-09-24 16:52:35,946 5199133 INFO  - ==> GRPC service request recieved: lib.grpc.services.auto.UserLoginRequest >>> serverUrl: "http://localhost:8080"
userId: "gaurav"
password: "gaurav"
 >>> Requester: execution(void lib.grpc.services.GrpcBookService.login(UserLoginRequest,StreamObserver))
2020-09-24 16:52:35,978 5199165 INFO  - ==> GRPC service request ended:  >>> serverUrl: "http://localhost:8080"
userId: "gaurav"
password: "gaurav"

2020-09-24 16:52:35,979 5199166 ERROR - ==> GRPC service request failed: 
2020-09-24 16:52:35,980 5199167 ERROR - Exception while executing runnable io.grpc.internal.ServerImpl$JumpToApplicationThreadServerStreamListener$1HalfClosed@458a6093
org.nuxeo.client.spi.NuxeoClientRemoteException: 
	at org.nuxeo.client.NuxeoClient.handleResponse(NuxeoClient.java:317) ~[nuxeo-java-client-3.3.0.jar:3.3.0]
	at org.nuxeo.client.NuxeoClient.fetchResponse(NuxeoClient.java:275) ~[nuxeo-java-client-3.3.0.jar:3.3.0]
	at org.nuxeo.client.objects.AbstractConnectable.fetchResponse(AbstractConnectable.java:65) ~[nuxeo-java-client-3.3.0.jar:3.3.0]
	at org.nuxeo.client.objects.user.UserManager.fetchCurrentUser(UserManager.java:75) ~[nuxeo-java-client-3.3.0.jar:3.3.0]
	at org.nuxeo.client.NuxeoClient$Builder.connect(NuxeoClient.java:492) ~[nuxeo-java-client-3.3.0.jar:3.3.0]
	at lib.server.rest.client.NXServerServices.initClient(NXServerServices.java:30) ~[classes/:?]
	at lib.server.wrapper.BookWrapperService.login(BookWrapperService.java:22) ~[classes/:?]
	at lib.service.api.impl.BookServiceImpl.login(BookServiceImpl.java:154) ~[classes/:?]
	at lib.grpc.services.GrpcBookService.login(GrpcBookService.java:169) ~[classes/:?]
	at lib.grpc.services.GrpcBookService$$FastClassBySpringCGLIB$$37be6d05.invoke(<generated>) ~[classes/:?]
	at org.springframework.cglib.proxy.MethodProxy.invoke(MethodProxy.java:218) ~[spring-core-5.1.16.RELEASE.jar:5.1.16.RELEASE]
	at org.springframework.aop.framework.CglibAopProxy$CglibMethodInvocation.invokeJoinpoint(CglibAopProxy.java:752) ~[spring-aop-5.1.16.RELEASE.jar:5.1.16.RELEASE]
	at org.springframework.aop.framework.ReflectiveMethodInvocation.proceed(ReflectiveMethodInvocation.java:163) ~[spring-aop-5.1.16.RELEASE.jar:5.1.16.RELEASE]
	at org.springframework.aop.framework.adapter.MethodBeforeAdviceInterceptor.invoke(MethodBeforeAdviceInterceptor.java:56) ~[spring-aop-5.1.16.RELEASE.jar:5.1.16.RELEASE]
	at org.springframework.aop.framework.ReflectiveMethodInvocation.proceed(ReflectiveMethodInvocation.java:175) ~[spring-aop-5.1.16.RELEASE.jar:5.1.16.RELEASE]
	at org.springframework.aop.aspectj.AspectJAfterAdvice.invoke(AspectJAfterAdvice.java:47) ~[spring-aop-5.1.16.RELEASE.jar:5.1.16.RELEASE]
	at org.springframework.aop.framework.ReflectiveMethodInvocation.proceed(ReflectiveMethodInvocation.java:175) ~[spring-aop-5.1.16.RELEASE.jar:5.1.16.RELEASE]
	at org.springframework.aop.framework.adapter.AfterReturningAdviceInterceptor.invoke(AfterReturningAdviceInterceptor.java:55) ~[spring-aop-5.1.16.RELEASE.jar:5.1.16.RELEASE]
	at org.springframework.aop.framework.ReflectiveMethodInvocation.proceed(ReflectiveMethodInvocation.java:175) ~[spring-aop-5.1.16.RELEASE.jar:5.1.16.RELEASE]
	at org.springframework.aop.aspectj.AspectJAfterThrowingAdvice.invoke(AspectJAfterThrowingAdvice.java:62) ~[spring-aop-5.1.16.RELEASE.jar:5.1.16.RELEASE]
	at org.springframework.aop.framework.ReflectiveMethodInvocation.proceed(ReflectiveMethodInvocation.java:175) ~[spring-aop-5.1.16.RELEASE.jar:5.1.16.RELEASE]
	at org.springframework.aop.interceptor.ExposeInvocationInterceptor.invoke(ExposeInvocationInterceptor.java:93) ~[spring-aop-5.1.16.RELEASE.jar:5.1.16.RELEASE]
	at org.springframework.aop.framework.ReflectiveMethodInvocation.proceed(ReflectiveMethodInvocation.java:186) ~[spring-aop-5.1.16.RELEASE.jar:5.1.16.RELEASE]
	at org.springframework.aop.framework.CglibAopProxy$DynamicAdvisedInterceptor.intercept(CglibAopProxy.java:691) ~[spring-aop-5.1.16.RELEASE.jar:5.1.16.RELEASE]
	at lib.grpc.services.GrpcBookService$$EnhancerBySpringCGLIB$$68a893e.login(<generated>) ~[classes/:?]
	at lib.grpc.services.auto.BookServiceGrpc$MethodHandlers.invoke(BookServiceGrpc.java:793) ~[classes/:?]
	at io.grpc.stub.ServerCalls$UnaryServerCallHandler$UnaryServerCallListener.onHalfClose(ServerCalls.java:172) ~[grpc-stub-1.30.0.jar:1.30.0]
	at io.grpc.internal.ServerCallImpl$ServerStreamListenerImpl.halfClosed(ServerCallImpl.java:331) ~[grpc-core-1.30.0.jar:1.30.0]
	at io.grpc.internal.ServerImpl$JumpToApplicationThreadServerStreamListener$1HalfClosed.runInContext(ServerImpl.java:820) ~[grpc-core-1.30.0.jar:1.30.0]
	at io.grpc.internal.ContextRunnable.run(ContextRunnable.java:37) ~[grpc-core-1.30.0.jar:1.30.0]
	at io.grpc.internal.SerializingExecutor.run(SerializingExecutor.java:123) [grpc-core-1.30.0.jar:1.30.0]
	at java.util.concurrent.ThreadPoolExecutor.runWorker(ThreadPoolExecutor.java:1149) [?:1.8.0_252]
	at java.util.concurrent.ThreadPoolExecutor$Worker.run(ThreadPoolExecutor.java:624) [?:1.8.0_252]
	at java.lang.Thread.run(Thread.java:748) [?:1.8.0_252]
2020-09-24 16:54:21,729 5304916 INFO  - ==> GRPC service request recieved: lib.grpc.services.auto.UserLoginRequest >>> serverUrl: "http://localhost:8080"
userId: "gaurav"
password: "gaurav"
 >>> Requester: execution(void lib.grpc.services.GrpcBookService.login(UserLoginRequest,StreamObserver))
2020-09-24 16:54:43,694 5326881 INFO  - ==> GRPC service request ended:  >>> serverUrl: "http://localhost:8080"
userId: "gaurav"
password: "gaurav"

2020-09-24 16:55:07,627 5350814 ERROR - ==> GRPC service request failed: 
2020-09-24 16:55:07,629 5350816 ERROR - Exception while executing runnable io.grpc.internal.ServerImpl$JumpToApplicationThreadServerStreamListener$1HalfClosed@243217c8
org.nuxeo.client.spi.NuxeoClientRemoteException: 
	at org.nuxeo.client.NuxeoClient.handleResponse(NuxeoClient.java:317) ~[nuxeo-java-client-3.3.0.jar:3.3.0]
	at org.nuxeo.client.NuxeoClient.fetchResponse(NuxeoClient.java:275) ~[nuxeo-java-client-3.3.0.jar:3.3.0]
	at org.nuxeo.client.objects.AbstractConnectable.fetchResponse(AbstractConnectable.java:65) ~[nuxeo-java-client-3.3.0.jar:3.3.0]
	at org.nuxeo.client.objects.user.UserManager.fetchCurrentUser(UserManager.java:75) ~[nuxeo-java-client-3.3.0.jar:3.3.0]
	at org.nuxeo.client.NuxeoClient$Builder.connect(NuxeoClient.java:492) ~[nuxeo-java-client-3.3.0.jar:3.3.0]
	at lib.server.rest.client.NXServerServices.initClient(NXServerServices.java:30) ~[classes/:?]
	at lib.server.wrapper.BookWrapperService.login(BookWrapperService.java:22) ~[classes/:?]
	at lib.service.api.impl.BookServiceImpl.login(BookServiceImpl.java:154) ~[classes/:?]
	at lib.grpc.services.GrpcBookService.login(GrpcBookService.java:169) ~[classes/:?]
	at lib.grpc.services.GrpcBookService$$FastClassBySpringCGLIB$$37be6d05.invoke(<generated>) ~[classes/:?]
	at org.springframework.cglib.proxy.MethodProxy.invoke(MethodProxy.java:218) ~[spring-core-5.1.16.RELEASE.jar:5.1.16.RELEASE]
	at org.springframework.aop.framework.CglibAopProxy$CglibMethodInvocation.invokeJoinpoint(CglibAopProxy.java:752) ~[spring-aop-5.1.16.RELEASE.jar:5.1.16.RELEASE]
	at org.springframework.aop.framework.ReflectiveMethodInvocation.proceed(ReflectiveMethodInvocation.java:163) ~[spring-aop-5.1.16.RELEASE.jar:5.1.16.RELEASE]
	at org.springframework.aop.framework.adapter.MethodBeforeAdviceInterceptor.invoke(MethodBeforeAdviceInterceptor.java:56) ~[spring-aop-5.1.16.RELEASE.jar:5.1.16.RELEASE]
	at org.springframework.aop.framework.ReflectiveMethodInvocation.proceed(ReflectiveMethodInvocation.java:175) ~[spring-aop-5.1.16.RELEASE.jar:5.1.16.RELEASE]
	at org.springframework.aop.aspectj.AspectJAfterAdvice.invoke(AspectJAfterAdvice.java:47) ~[spring-aop-5.1.16.RELEASE.jar:5.1.16.RELEASE]
	at org.springframework.aop.framework.ReflectiveMethodInvocation.proceed(ReflectiveMethodInvocation.java:175) ~[spring-aop-5.1.16.RELEASE.jar:5.1.16.RELEASE]
	at org.springframework.aop.framework.adapter.AfterReturningAdviceInterceptor.invoke(AfterReturningAdviceInterceptor.java:55) ~[spring-aop-5.1.16.RELEASE.jar:5.1.16.RELEASE]
	at org.springframework.aop.framework.ReflectiveMethodInvocation.proceed(ReflectiveMethodInvocation.java:175) ~[spring-aop-5.1.16.RELEASE.jar:5.1.16.RELEASE]
	at org.springframework.aop.aspectj.AspectJAfterThrowingAdvice.invoke(AspectJAfterThrowingAdvice.java:62) ~[spring-aop-5.1.16.RELEASE.jar:5.1.16.RELEASE]
	at org.springframework.aop.framework.ReflectiveMethodInvocation.proceed(ReflectiveMethodInvocation.java:175) ~[spring-aop-5.1.16.RELEASE.jar:5.1.16.RELEASE]
	at org.springframework.aop.interceptor.ExposeInvocationInterceptor.invoke(ExposeInvocationInterceptor.java:93) ~[spring-aop-5.1.16.RELEASE.jar:5.1.16.RELEASE]
	at org.springframework.aop.framework.ReflectiveMethodInvocation.proceed(ReflectiveMethodInvocation.java:186) ~[spring-aop-5.1.16.RELEASE.jar:5.1.16.RELEASE]
	at org.springframework.aop.framework.CglibAopProxy$DynamicAdvisedInterceptor.intercept(CglibAopProxy.java:691) ~[spring-aop-5.1.16.RELEASE.jar:5.1.16.RELEASE]
	at lib.grpc.services.GrpcBookService$$EnhancerBySpringCGLIB$$68a893e.login(<generated>) ~[classes/:?]
	at lib.grpc.services.auto.BookServiceGrpc$MethodHandlers.invoke(BookServiceGrpc.java:793) ~[classes/:?]
	at io.grpc.stub.ServerCalls$UnaryServerCallHandler$UnaryServerCallListener.onHalfClose(ServerCalls.java:172) ~[grpc-stub-1.30.0.jar:1.30.0]
	at io.grpc.internal.ServerCallImpl$ServerStreamListenerImpl.halfClosed(ServerCallImpl.java:331) ~[grpc-core-1.30.0.jar:1.30.0]
	at io.grpc.internal.ServerImpl$JumpToApplicationThreadServerStreamListener$1HalfClosed.runInContext(ServerImpl.java:820) ~[grpc-core-1.30.0.jar:1.30.0]
	at io.grpc.internal.ContextRunnable.run(ContextRunnable.java:37) ~[grpc-core-1.30.0.jar:1.30.0]
	at io.grpc.internal.SerializingExecutor.run(SerializingExecutor.java:123) [grpc-core-1.30.0.jar:1.30.0]
	at java.util.concurrent.ThreadPoolExecutor.runWorker(ThreadPoolExecutor.java:1149) [?:1.8.0_252]
	at java.util.concurrent.ThreadPoolExecutor$Worker.run(ThreadPoolExecutor.java:624) [?:1.8.0_252]
	at java.lang.Thread.run(Thread.java:748) [?:1.8.0_252]
2020-09-24 16:57:02,319 5465506 INFO  - ==> GRPC service request recieved: lib.grpc.services.auto.UserLoginRequest >>> serverUrl: "http://localhost:8080"
userId: "gaurav"
password: "gaurav"
 >>> Requester: execution(void lib.grpc.services.GrpcBookService.login(UserLoginRequest,StreamObserver))
2020-09-24 16:57:43,724 5506911 INFO  - ==> GRPC service request ended:  >>> serverUrl: "http://localhost:8080"
userId: "gaurav"
password: "gaurav"

2020-09-24 16:57:57,952 5521139 ERROR - ==> GRPC service request failed: 
2020-09-24 16:57:57,954 5521141 ERROR - Exception while executing runnable io.grpc.internal.ServerImpl$JumpToApplicationThreadServerStreamListener$1HalfClosed@62424e72
org.nuxeo.client.spi.NuxeoClientRemoteException: 
	at org.nuxeo.client.NuxeoClient.handleResponse(NuxeoClient.java:317) ~[nuxeo-java-client-3.3.0.jar:3.3.0]
	at org.nuxeo.client.NuxeoClient.fetchResponse(NuxeoClient.java:275) ~[nuxeo-java-client-3.3.0.jar:3.3.0]
	at org.nuxeo.client.objects.AbstractConnectable.fetchResponse(AbstractConnectable.java:65) ~[nuxeo-java-client-3.3.0.jar:3.3.0]
	at org.nuxeo.client.objects.user.UserManager.fetchCurrentUser(UserManager.java:75) ~[nuxeo-java-client-3.3.0.jar:3.3.0]
	at org.nuxeo.client.NuxeoClient$Builder.connect(NuxeoClient.java:492) ~[nuxeo-java-client-3.3.0.jar:3.3.0]
	at lib.server.rest.client.NXServerServices.initClient(NXServerServices.java:33) ~[classes/:?]
	at lib.server.wrapper.BookWrapperService.login(BookWrapperService.java:22) ~[classes/:?]
	at lib.service.api.impl.BookServiceImpl.login(BookServiceImpl.java:154) ~[classes/:?]
	at lib.grpc.services.GrpcBookService.login(GrpcBookService.java:169) ~[classes/:?]
	at lib.grpc.services.GrpcBookService$$FastClassBySpringCGLIB$$37be6d05.invoke(<generated>) ~[classes/:?]
	at org.springframework.cglib.proxy.MethodProxy.invoke(MethodProxy.java:218) ~[spring-core-5.1.16.RELEASE.jar:5.1.16.RELEASE]
	at org.springframework.aop.framework.CglibAopProxy$CglibMethodInvocation.invokeJoinpoint(CglibAopProxy.java:752) ~[spring-aop-5.1.16.RELEASE.jar:5.1.16.RELEASE]
	at org.springframework.aop.framework.ReflectiveMethodInvocation.proceed(ReflectiveMethodInvocation.java:163) ~[spring-aop-5.1.16.RELEASE.jar:5.1.16.RELEASE]
	at org.springframework.aop.framework.adapter.MethodBeforeAdviceInterceptor.invoke(MethodBeforeAdviceInterceptor.java:56) ~[spring-aop-5.1.16.RELEASE.jar:5.1.16.RELEASE]
	at org.springframework.aop.framework.ReflectiveMethodInvocation.proceed(ReflectiveMethodInvocation.java:175) ~[spring-aop-5.1.16.RELEASE.jar:5.1.16.RELEASE]
	at org.springframework.aop.aspectj.AspectJAfterAdvice.invoke(AspectJAfterAdvice.java:47) ~[spring-aop-5.1.16.RELEASE.jar:5.1.16.RELEASE]
	at org.springframework.aop.framework.ReflectiveMethodInvocation.proceed(ReflectiveMethodInvocation.java:175) ~[spring-aop-5.1.16.RELEASE.jar:5.1.16.RELEASE]
	at org.springframework.aop.framework.adapter.AfterReturningAdviceInterceptor.invoke(AfterReturningAdviceInterceptor.java:55) ~[spring-aop-5.1.16.RELEASE.jar:5.1.16.RELEASE]
	at org.springframework.aop.framework.ReflectiveMethodInvocation.proceed(ReflectiveMethodInvocation.java:175) ~[spring-aop-5.1.16.RELEASE.jar:5.1.16.RELEASE]
	at org.springframework.aop.aspectj.AspectJAfterThrowingAdvice.invoke(AspectJAfterThrowingAdvice.java:62) ~[spring-aop-5.1.16.RELEASE.jar:5.1.16.RELEASE]
	at org.springframework.aop.framework.ReflectiveMethodInvocation.proceed(ReflectiveMethodInvocation.java:175) ~[spring-aop-5.1.16.RELEASE.jar:5.1.16.RELEASE]
	at org.springframework.aop.interceptor.ExposeInvocationInterceptor.invoke(ExposeInvocationInterceptor.java:93) ~[spring-aop-5.1.16.RELEASE.jar:5.1.16.RELEASE]
	at org.springframework.aop.framework.ReflectiveMethodInvocation.proceed(ReflectiveMethodInvocation.java:186) ~[spring-aop-5.1.16.RELEASE.jar:5.1.16.RELEASE]
	at org.springframework.aop.framework.CglibAopProxy$DynamicAdvisedInterceptor.intercept(CglibAopProxy.java:691) ~[spring-aop-5.1.16.RELEASE.jar:5.1.16.RELEASE]
	at lib.grpc.services.GrpcBookService$$EnhancerBySpringCGLIB$$68a893e.login(<generated>) ~[classes/:?]
	at lib.grpc.services.auto.BookServiceGrpc$MethodHandlers.invoke(BookServiceGrpc.java:793) ~[classes/:?]
	at io.grpc.stub.ServerCalls$UnaryServerCallHandler$UnaryServerCallListener.onHalfClose(ServerCalls.java:172) ~[grpc-stub-1.30.0.jar:1.30.0]
	at io.grpc.internal.ServerCallImpl$ServerStreamListenerImpl.halfClosed(ServerCallImpl.java:331) ~[grpc-core-1.30.0.jar:1.30.0]
	at io.grpc.internal.ServerImpl$JumpToApplicationThreadServerStreamListener$1HalfClosed.runInContext(ServerImpl.java:820) ~[grpc-core-1.30.0.jar:1.30.0]
	at io.grpc.internal.ContextRunnable.run(ContextRunnable.java:37) ~[grpc-core-1.30.0.jar:1.30.0]
	at io.grpc.internal.SerializingExecutor.run(SerializingExecutor.java:123) [grpc-core-1.30.0.jar:1.30.0]
	at java.util.concurrent.ThreadPoolExecutor.runWorker(ThreadPoolExecutor.java:1149) [?:1.8.0_252]
	at java.util.concurrent.ThreadPoolExecutor$Worker.run(ThreadPoolExecutor.java:624) [?:1.8.0_252]
	at java.lang.Thread.run(Thread.java:748) [?:1.8.0_252]
2020-09-24 16:59:22,957 5606144 INFO  - ==> GRPC service request recieved: lib.grpc.services.auto.UserLoginRequest >>> serverUrl: "http://localhost:8080"
userId: "gaurav"
password: "gaurav"
 >>> Requester: execution(void lib.grpc.services.GrpcBookService.login(UserLoginRequest,StreamObserver))
2020-09-24 16:59:29,906 5613093 INFO  - ==> GRPC service request ended:  >>> serverUrl: "http://localhost:8080"
userId: "gaurav"
password: "gaurav"

2020-09-24 16:59:29,907 5613094 INFO  - ==> GRPC service request successfull:  >>> serverUrl: "http://localhost:8080"
userId: "gaurav"
password: "gaurav"

2020-09-24 16:59:39,993 5623180 INFO  - ==> GRPC service request recieved: lib.grpc.services.auto.UserLoginRequest >>> serverUrl: "http://localhost:8080"
userId: "gaurav"
password: "gaurav"
 >>> Requester: execution(void lib.grpc.services.GrpcBookService.login(UserLoginRequest,StreamObserver))
2020-09-24 17:00:11,085 5654272 INFO  - ==> GRPC service request ended:  >>> serverUrl: "http://localhost:8080"
userId: "gaurav"
password: "gaurav"

2020-09-24 17:00:11,085 5654272 INFO  - ==> GRPC service request successfull:  >>> serverUrl: "http://localhost:8080"
userId: "gaurav"
password: "gaurav"

2020-09-24 17:00:25,442 5668629 INFO  - ==> GRPC service request recieved: lib.grpc.services.auto.UserLoginRequest >>> serverUrl: "http://localhost:8080/nuxeo"
userId: "gauravv"
password: "gaurav"
 >>> Requester: execution(void lib.grpc.services.GrpcBookService.login(UserLoginRequest,StreamObserver))
2020-09-24 17:00:25,494 5668681 INFO  - ==> GRPC service request ended:  >>> serverUrl: "http://localhost:8080/nuxeo"
userId: "gauravv"
password: "gaurav"

2020-09-24 17:00:25,494 5668681 INFO  - ==> GRPC service request successfull:  >>> serverUrl: "http://localhost:8080/nuxeo"
userId: "gauravv"
password: "gaurav"

2020-09-24 17:00:31,425 5674612 INFO  - ==> GRPC service request recieved: lib.grpc.services.auto.UserLoginRequest >>> serverUrl: "http://localhost:8080/nuxeo"
userId: "gaurav"
password: "gaurav"
 >>> Requester: execution(void lib.grpc.services.GrpcBookService.login(UserLoginRequest,StreamObserver))
2020-09-24 17:00:31,440 5674627 INFO  - ==> GRPC service request ended:  >>> serverUrl: "http://localhost:8080/nuxeo"
userId: "gaurav"
password: "gaurav"

2020-09-24 17:00:31,442 5674629 INFO  - ==> GRPC service request successfull:  >>> serverUrl: "http://localhost:8080/nuxeo"
userId: "gaurav"
password: "gaurav"

2020-09-24 17:00:34,396 5677583 INFO  - ==> GRPC service request recieved: lib.grpc.services.auto.EmptyRequest >>>  >>> Requester: execution(void lib.grpc.services.GrpcBookService.logout(EmptyRequest,StreamObserver))
2020-09-24 17:00:34,397 5677584 INFO  - ==> GRPC service request ended:  >>> 
2020-09-24 17:00:34,398 5677585 INFO  - ==> GRPC service request successfull:  >>> 
2020-09-24 17:01:13,996 5717183 INFO  - ==> GRPC service request recieved: lib.grpc.services.auto.UserLoginRequest >>> serverUrl: "http://localhost:8080/nuxeo"
userId: "dss"
password: "sss"
 >>> Requester: execution(void lib.grpc.services.GrpcBookService.login(UserLoginRequest,StreamObserver))
2020-09-24 17:01:14,013 5717200 INFO  - ==> GRPC service request ended:  >>> serverUrl: "http://localhost:8080/nuxeo"
userId: "dss"
password: "sss"

2020-09-24 17:01:14,013 5717200 INFO  - ==> GRPC service request successfull:  >>> serverUrl: "http://localhost:8080/nuxeo"
userId: "dss"
password: "sss"

2020-09-24 17:01:27,894 5731081 INFO  - ==> GRPC service request recieved: lib.grpc.services.auto.UserLoginRequest >>> serverUrl: "http://localhost:8080/nuxeo"
userId: "gaurav"
password: "gaurav"
 >>> Requester: execution(void lib.grpc.services.GrpcBookService.login(UserLoginRequest,StreamObserver))
2020-09-24 17:01:27,910 5731097 INFO  - ==> GRPC service request ended:  >>> serverUrl: "http://localhost:8080/nuxeo"
userId: "gaurav"
password: "gaurav"

2020-09-24 17:01:27,911 5731098 INFO  - ==> GRPC service request successfull:  >>> serverUrl: "http://localhost:8080/nuxeo"
userId: "gaurav"
password: "gaurav"

2020-09-24 17:01:38,967 5742154 INFO  - ==> GRPC service request recieved: lib.grpc.services.auto.EmptyRequest >>>  >>> Requester: execution(void lib.grpc.services.GrpcBookService.logout(EmptyRequest,StreamObserver))
2020-09-24 17:01:38,967 5742154 INFO  - ==> GRPC service request ended:  >>> 
2020-09-24 17:01:38,968 5742155 INFO  - ==> GRPC service request successfull:  >>> 
2020-09-24 17:01:42,042 5745229 INFO  - ==> GRPC service request recieved: lib.grpc.services.auto.EmptyRequest >>>  >>> Requester: execution(void lib.grpc.services.GrpcBookService.logout(EmptyRequest,StreamObserver))
2020-09-24 17:01:42,043 5745230 INFO  - ==> GRPC service request ended:  >>> 
2020-09-24 17:01:42,043 5745230 INFO  - ==> GRPC service request successfull:  >>> 
2020-09-24 17:06:18,384 6021571 INFO  - ==> GRPC service request recieved: lib.grpc.services.auto.EmptyRequest >>>  >>> Requester: execution(void lib.grpc.services.GrpcBookService.getAllBooks(EmptyRequest,StreamObserver))
2020-09-24 17:06:18,524 6021711 WARN  - SQL Warning Code: 10000, SQLState: 01J01
2020-09-24 17:06:18,524 6021711 WARN  - Database 'mydb' not created, connection made to existing database instead.
2020-09-24 17:06:19,161 6022348 INFO  - ==> GRPC service request ended:  >>> 
2020-09-24 17:06:19,161 6022348 INFO  - ==> GRPC service request successfull:  >>> 
2020-09-24 17:06:26,695 6029882 INFO  - ==> GRPC service request recieved: lib.grpc.services.auto.EmptyRequest >>>  >>> Requester: execution(void lib.grpc.services.GrpcBookService.logout(EmptyRequest,StreamObserver))
2020-09-24 17:06:26,696 6029883 INFO  - ==> GRPC service request ended:  >>> 
2020-09-24 17:06:26,696 6029883 INFO  - ==> GRPC service request successfull:  >>> 
2020-09-24 17:06:43,254 6046441 INFO  - ==> GRPC service request recieved: lib.grpc.services.auto.UserLoginRequest >>> serverUrl: "http://localhost:8080/nuxeo"
userId: "gaurav"
password: "gaurav"
 >>> Requester: execution(void lib.grpc.services.GrpcBookService.login(UserLoginRequest,StreamObserver))
2020-09-24 17:06:43,275 6046462 INFO  - ==> GRPC service request ended:  >>> serverUrl: "http://localhost:8080/nuxeo"
userId: "gaurav"
password: "gaurav"

2020-09-24 17:06:43,276 6046463 INFO  - ==> GRPC service request successfull:  >>> serverUrl: "http://localhost:8080/nuxeo"
userId: "gaurav"
password: "gaurav"

2020-09-24 17:06:46,157 6049344 INFO  - ==> GRPC service request recieved: lib.grpc.services.auto.IsbnRequest >>> isbn: 618260307
 >>> Requester: execution(void lib.grpc.services.GrpcBookService.saveBookToServer(IsbnRequest,StreamObserver))
2020-09-24 17:06:46,164 6049351 INFO  - ==> GRPC service request ended:  >>> isbn: 618260307

2020-09-24 17:06:46,164 6049351 INFO  - ==> GRPC service request successfull:  >>> isbn: 618260307

2020-09-24 17:06:49,257 6052444 INFO  - ==> GRPC service request recieved: lib.grpc.services.auto.IsbnRequest >>> isbn: 908606664
 >>> Requester: execution(void lib.grpc.services.GrpcBookService.saveBookToServer(IsbnRequest,StreamObserver))
2020-09-24 17:06:49,262 6052449 INFO  - ==> GRPC service request ended:  >>> isbn: 908606664

2020-09-24 17:06:49,263 6052450 INFO  - ==> GRPC service request successfull:  >>> isbn: 908606664

2020-09-24 17:06:52,654 6055841 INFO  - ==> GRPC service request recieved: lib.grpc.services.auto.IsbnRequest >>> isbn: 393310728
 >>> Requester: execution(void lib.grpc.services.GrpcBookService.saveBookToServer(IsbnRequest,StreamObserver))
2020-09-24 17:06:52,924 6056111 INFO  - ==> GRPC service request ended:  >>> isbn: 393310728

2020-09-24 17:06:52,925 6056112 INFO  - ==> GRPC service request successfull:  >>> isbn: 393310728

2020-09-24 17:06:53,100 6056287 INFO  - ==> GRPC service request recieved: lib.grpc.services.auto.EmptyRequest >>>  >>> Requester: execution(void lib.grpc.services.GrpcBookService.getAllBooks(EmptyRequest,StreamObserver))
2020-09-24 17:06:53,570 6056757 INFO  - ==> GRPC service request ended:  >>> 
2020-09-24 17:06:53,571 6056758 INFO  - ==> GRPC service request successfull:  >>> 
2020-09-24 17:07:02,225 6065412 INFO  - ==> GRPC service request recieved: lib.grpc.services.auto.IsbnRequest >>> isbn: 393310728
 >>> Requester: execution(void lib.grpc.services.GrpcBookService.saveBookToServer(IsbnRequest,StreamObserver))
2020-09-24 17:07:02,231 6065418 INFO  - ==> GRPC service request ended:  >>> isbn: 393310728

2020-09-24 17:07:02,231 6065418 INFO  - ==> GRPC service request successfull:  >>> isbn: 393310728

2020-09-24 17:07:10,785 6073972 INFO  - ==> GRPC service request recieved: lib.grpc.services.auto.EmptyRequest >>>  >>> Requester: execution(void lib.grpc.services.GrpcBookService.logout(EmptyRequest,StreamObserver))
2020-09-24 17:07:10,785 6073972 INFO  - ==> GRPC service request ended:  >>> 
2020-09-24 17:07:10,786 6073973 INFO  - ==> GRPC service request successfull:  >>> 
2020-09-24 17:07:12,901 6076088 INFO  - ==> GRPC service request recieved: lib.grpc.services.auto.IsbnRequest >>> isbn: 393310728
 >>> Requester: execution(void lib.grpc.services.GrpcBookService.saveBookToServer(IsbnRequest,StreamObserver))
2020-09-24 17:07:12,905 6076092 INFO  - ==> GRPC service request ended:  >>> isbn: 393310728

2020-09-24 17:07:12,906 6076093 INFO  - ==> GRPC service request successfull:  >>> isbn: 393310728

2020-09-24 17:07:16,806 6079993 INFO  - ==> GRPC service request recieved: lib.grpc.services.auto.IsbnRequest >>> isbn: 908783116
 >>> Requester: execution(void lib.grpc.services.GrpcBookService.saveBookToServer(IsbnRequest,StreamObserver))
2020-09-24 17:07:16,809 6079996 INFO  - ==> GRPC service request ended:  >>> isbn: 908783116

2020-09-24 17:07:16,809 6079996 INFO  - ==> GRPC service request successfull:  >>> isbn: 908783116

2020-09-24 17:07:33,172 6096359 INFO  - ==> GRPC service request recieved: lib.grpc.services.auto.UserLoginRequest >>> serverUrl: "http://localhost:8080/nuxeo"
userId: "s"
password: "s"
 >>> Requester: execution(void lib.grpc.services.GrpcBookService.login(UserLoginRequest,StreamObserver))
2020-09-24 17:07:33,183 6096370 INFO  - ==> GRPC service request ended:  >>> serverUrl: "http://localhost:8080/nuxeo"
userId: "s"
password: "s"

2020-09-24 17:07:33,184 6096371 INFO  - ==> GRPC service request successfull:  >>> serverUrl: "http://localhost:8080/nuxeo"
userId: "s"
password: "s"

2020-09-24 17:07:50,635 6113822 INFO  - ==> GRPC service request recieved: lib.grpc.services.auto.EmptyRequest >>>  >>> Requester: execution(void lib.grpc.services.GrpcBookService.logout(EmptyRequest,StreamObserver))
2020-09-24 17:07:50,636 6113823 INFO  - ==> GRPC service request ended:  >>> 
2020-09-24 17:07:50,636 6113823 INFO  - ==> GRPC service request successfull:  >>> 
2020-09-24 17:46:52,788 2699  INFO  - Starting BooksLibraryApp on INCNI6P031 with PID 433864 (D:\mlm_dev\gitrepo\books-library-project\library-application\target\classes started by msn2t7 in D:\mlm_dev\gitrepo\books-library-project\library-application)
2020-09-24 17:46:52,807 2718  INFO  - No active profile set, falling back to default profiles: default
2020-09-24 17:46:54,034 3945  INFO  - Bootstrapping Spring Data JPA repositories in DEFAULT mode.
2020-09-24 17:46:54,173 4084  INFO  - Finished Spring Data repository scanning in 118ms. Found 2 JPA repository interfaces.
2020-09-24 17:46:56,014 5925  INFO  - HikariPool-1 - Starting...
2020-09-24 17:46:56,022 5933  WARN  - Registered driver with driverClassName=org.apache.derby.jdbc.EmbeddedDriver was not found, trying direct instantiation.
2020-09-24 17:46:56,554 6465  INFO  - HikariPool-1 - Driver does not support get/set network timeout for connections. (Feature not implemented: No details.)
2020-09-24 17:46:56,560 6471  INFO  - HikariPool-1 - Start completed.
2020-09-24 17:46:56,713 6624  INFO  - HHH000204: Processing PersistenceUnitInfo [
	name: default
	...]
2020-09-24 17:46:57,033 6944  INFO  - HHH000412: Hibernate Core {5.3.17.Final}
2020-09-24 17:46:57,036 6947  INFO  - HHH000206: hibernate.properties not found
2020-09-24 17:46:57,531 7442  INFO  - HCANN000001: Hibernate Commons Annotations {5.0.4.Final}
2020-09-24 17:46:58,556 8467  INFO  - HHH000400: Using dialect: org.hibernate.dialect.DerbyDialect
2020-09-24 17:46:58,567 8478  WARN  - HHH000430: The DerbyDialect dialect has been deprecated; use one of the version-specific dialects instead
2020-09-24 17:47:00,458 10369 INFO  - Initialized JPA EntityManagerFactory for persistence unit 'default'
2020-09-24 17:47:01,632 11543 INFO  - Unable to proxy interface-implementing method [public final io.grpc.ServerServiceDefinition lib.grpc.services.auto.BookServiceGrpc$BookServiceImplBase.bindService()] because it is marked as final: Consider using interface-based JDK proxies instead!
2020-09-24 17:47:02,514 12425 INFO  - Started BooksLibraryApp in 10.54 seconds (JVM running for 12.553)
2020-09-24 17:47:02,516 12427 INFO  - Starting gRPC Server ...
2020-09-24 17:47:02,610 12521 INFO  - 'lib.grpc.services.GrpcBookService$$EnhancerBySpringCGLIB$$3d8eb4f4' service has been registered.
2020-09-24 17:47:04,139 14050 INFO  - gRPC Server started, listening on port 7070.
2020-09-24 17:47:41,643 51554 INFO  - ==> GRPC service request recieved: lib.grpc.services.auto.EmptyRequest >>>  >>> Requester: execution(void lib.grpc.services.GrpcBookService.getAllBooks(EmptyRequest,StreamObserver))
2020-09-24 17:47:41,727 51638 INFO  - HHH000397: Using ASTQueryTranslatorFactory
2020-09-24 17:47:43,000 52911 INFO  - ==> GRPC service request ended:  >>> 
2020-09-24 17:47:43,000 52911 INFO  - ==> GRPC service request successfull:  >>> 
2020-09-24 17:48:13,892 83803 INFO  - ==> GRPC service request recieved: lib.grpc.services.auto.EmptyRequest >>>  >>> Requester: execution(void lib.grpc.services.GrpcBookService.fetchAllBooksFromServer(EmptyRequest,StreamObserver))
2020-09-24 17:48:13,893 83804 INFO  - ==> GRPC service request ended:  >>> 
2020-09-24 17:48:13,893 83804 INFO  - ==> GRPC service request successfull:  >>> 
2020-09-24 17:49:47,369 177280 INFO  - ==> GRPC service request recieved: lib.grpc.services.auto.EmptyRequest >>>  >>> Requester: execution(void lib.grpc.services.GrpcBookService.fetchAllBooksFromServer(EmptyRequest,StreamObserver))
2020-09-24 17:49:47,372 177283 INFO  - ==> GRPC service request ended:  >>> 
2020-09-24 17:49:47,372 177283 INFO  - ==> GRPC service request successfull:  >>> 
2020-09-24 17:50:04,698 194609 INFO  - ==> GRPC service request recieved: lib.grpc.services.auto.UserLoginRequest >>> serverUrl: "http://localhost:8080/nuxeo"
userId: "gaurav"
password: "gaurav"
 >>> Requester: execution(void lib.grpc.services.GrpcBookService.login(UserLoginRequest,StreamObserver))
2020-09-24 17:50:05,332 195243 INFO  - ==> GRPC service request ended:  >>> serverUrl: "http://localhost:8080/nuxeo"
userId: "gaurav"
password: "gaurav"

2020-09-24 17:50:05,333 195244 INFO  - ==> GRPC service request successfull:  >>> serverUrl: "http://localhost:8080/nuxeo"
userId: "gaurav"
password: "gaurav"

2020-09-24 17:50:22,455 212366 INFO  - ==> GRPC service request recieved: lib.grpc.services.auto.EmptyRequest >>>  >>> Requester: execution(void lib.grpc.services.GrpcBookService.fetchAllBooksFromServer(EmptyRequest,StreamObserver))
2020-09-24 17:50:22,530 212441 INFO  - ==> GRPC service request ended:  >>> 
2020-09-24 17:50:22,530 212441 INFO  - ==> GRPC service request successfull:  >>> 
2020-09-24 19:37:37,364 2835  INFO  - Starting BooksLibraryApp on INCNI6P031 with PID 445420 (D:\mlm_dev\gitrepo\books-library-project\library-application\target\classes started by msn2t7 in D:\mlm_dev\gitrepo\books-library-project\library-application)
2020-09-24 19:37:37,374 2845  INFO  - No active profile set, falling back to default profiles: default
2020-09-24 19:37:38,548 4019  INFO  - Bootstrapping Spring Data JPA repositories in DEFAULT mode.
2020-09-24 19:37:38,672 4143  INFO  - Finished Spring Data repository scanning in 105ms. Found 2 JPA repository interfaces.
2020-09-24 19:37:40,478 5949  INFO  - HikariPool-1 - Starting...
2020-09-24 19:37:40,486 5957  WARN  - Registered driver with driverClassName=org.apache.derby.jdbc.EmbeddedDriver was not found, trying direct instantiation.
2020-09-24 19:37:41,051 6522  INFO  - HikariPool-1 - Driver does not support get/set network timeout for connections. (Feature not implemented: No details.)
2020-09-24 19:37:41,056 6527  INFO  - HikariPool-1 - Start completed.
2020-09-24 19:37:41,212 6683  INFO  - HHH000204: Processing PersistenceUnitInfo [
	name: default
	...]
2020-09-24 19:37:41,515 6986  INFO  - HHH000412: Hibernate Core {5.3.17.Final}
2020-09-24 19:37:41,519 6990  INFO  - HHH000206: hibernate.properties not found
2020-09-24 19:37:41,934 7405  INFO  - HCANN000001: Hibernate Commons Annotations {5.0.4.Final}
2020-09-24 19:37:42,952 8423  INFO  - HHH000400: Using dialect: org.hibernate.dialect.DerbyDialect
2020-09-24 19:37:42,969 8440  WARN  - HHH000430: The DerbyDialect dialect has been deprecated; use one of the version-specific dialects instead
2020-09-24 19:37:44,869 10340 INFO  - Initialized JPA EntityManagerFactory for persistence unit 'default'
2020-09-24 19:37:45,882 11353 INFO  - Unable to proxy interface-implementing method [public final io.grpc.ServerServiceDefinition lib.grpc.services.auto.BookServiceGrpc$BookServiceImplBase.bindService()] because it is marked as final: Consider using interface-based JDK proxies instead!
2020-09-24 19:37:46,785 12256 INFO  - Started BooksLibraryApp in 10.143 seconds (JVM running for 12.43)
2020-09-24 19:37:46,787 12258 INFO  - Starting gRPC Server ...
2020-09-24 19:37:46,900 12371 INFO  - 'lib.grpc.services.GrpcBookService$$EnhancerBySpringCGLIB$$f36c0a32' service has been registered.
2020-09-24 19:37:48,444 13915 INFO  - gRPC Server started, listening on port 7070.
2020-09-24 19:40:27,208 172679 INFO  - ==> GRPC service request recieved: lib.grpc.services.auto.IsbnRequest >>> isbn: 618260307
 >>> Requester: execution(void lib.grpc.services.GrpcBookService.downloadBookFromServer(IsbnRequest,StreamObserver))
2020-09-24 19:40:35,201 180672 INFO  - HHH000397: Using ASTQueryTranslatorFactory
2020-09-24 19:40:45,824 191295 INFO  - ==> GRPC service request ended:  >>> isbn: 618260307

2020-09-24 19:40:45,824 191295 INFO  - ==> GRPC service request successfull:  >>> isbn: 618260307

2020-09-24 19:42:04,454 269925 INFO  - ==> GRPC service request recieved: lib.grpc.services.auto.IsbnRequest >>> isbn: 618260307
 >>> Requester: execution(void lib.grpc.services.GrpcBookService.deleteBookByIsbn(IsbnRequest,StreamObserver))
2020-09-24 19:42:04,627 270098 INFO  - ==> GRPC service request ended:  >>> isbn: 618260307

2020-09-24 19:42:04,628 270099 INFO  - ==> GRPC service request successfull:  >>> isbn: 618260307

2020-09-24 19:42:17,502 282973 INFO  - ==> GRPC service request recieved: lib.grpc.services.auto.EmptyRequest >>>  >>> Requester: execution(void lib.grpc.services.GrpcBookService.getAllBooks(EmptyRequest,StreamObserver))
2020-09-24 19:42:56,065 321536 INFO  - ==> GRPC service request recieved: lib.grpc.services.auto.EmptyRequest >>>  >>> Requester: execution(void lib.grpc.services.GrpcBookService.getAllBooks(EmptyRequest,StreamObserver))
2020-09-24 19:42:59,468 324939 INFO  - ==> GRPC service request recieved: lib.grpc.services.auto.EmptyRequest >>>  >>> Requester: execution(void lib.grpc.services.GrpcBookService.getAllBooks(EmptyRequest,StreamObserver))
2020-09-24 19:43:03,093 328564 INFO  - ==> GRPC service request ended:  >>> 
2020-09-24 19:43:03,094 328565 INFO  - ==> GRPC service request successfull:  >>> 
2020-09-24 19:43:05,521 330992 INFO  - ==> GRPC service request ended:  >>> 
2020-09-24 19:43:05,522 330993 INFO  - ==> GRPC service request successfull:  >>> 
2020-09-24 19:43:06,326 331797 INFO  - ==> GRPC service request ended:  >>> 
2020-09-24 19:43:06,326 331797 INFO  - ==> GRPC service request successfull:  >>> 
2020-09-24 20:02:41,813 1507284 INFO  - ==> GRPC service request recieved: lib.grpc.services.auto.IsbnRequest >>> isbn: 15333
 >>> Requester: execution(void lib.grpc.services.GrpcBookService.saveBookToServer(IsbnRequest,StreamObserver))
2020-09-24 20:02:41,823 1507294 INFO  - ==> GRPC service request ended:  >>> isbn: 15333

2020-09-24 20:02:41,824 1507295 INFO  - ==> GRPC service request successfull:  >>> isbn: 15333

2020-09-24 20:03:01,157 1526628 INFO  - ==> GRPC service request recieved: lib.grpc.services.auto.UserLoginRequest >>> serverUrl: "http://localhost:8080/nuxeo"
userId: "gaurav"
password: "gaurav"
 >>> Requester: execution(void lib.grpc.services.GrpcBookService.login(UserLoginRequest,StreamObserver))
2020-09-24 20:03:01,776 1527247 INFO  - ==> GRPC service request ended:  >>> serverUrl: "http://localhost:8080/nuxeo"
userId: "gaurav"
password: "gaurav"

2020-09-24 20:03:01,777 1527248 INFO  - ==> GRPC service request successfull:  >>> serverUrl: "http://localhost:8080/nuxeo"
userId: "gaurav"
password: "gaurav"

2020-09-24 20:03:15,605 1541076 INFO  - ==> GRPC service request recieved: lib.grpc.services.auto.IsbnRequest >>> isbn: 15333
 >>> Requester: execution(void lib.grpc.services.GrpcBookService.saveBookToServer(IsbnRequest,StreamObserver))
2020-09-24 20:03:15,777 1541248 INFO  - ==> GRPC service request ended:  >>> isbn: 15333

2020-09-24 20:03:15,777 1541248 INFO  - ==> GRPC service request successfull:  >>> isbn: 15333

2020-09-24 20:03:15,900 1541371 INFO  - ==> GRPC service request recieved: lib.grpc.services.auto.EmptyRequest >>>  >>> Requester: execution(void lib.grpc.services.GrpcBookService.getAllBooks(EmptyRequest,StreamObserver))
2020-09-24 20:03:16,507 1541978 INFO  - ==> GRPC service request ended:  >>> 
2020-09-24 20:03:16,507 1541978 INFO  - ==> GRPC service request successfull:  >>> 
2020-09-24 20:03:42,446 1567917 INFO  - ==> GRPC service request recieved: lib.grpc.services.auto.IsbnRequest >>> isbn: 15333
 >>> Requester: execution(void lib.grpc.services.GrpcBookService.saveBookToServer(IsbnRequest,StreamObserver))
2020-09-24 20:03:42,452 1567923 INFO  - ==> GRPC service request ended:  >>> isbn: 15333

2020-09-24 20:03:42,452 1567923 INFO  - ==> GRPC service request successfull:  >>> isbn: 15333

2020-09-24 20:06:20,255 1725726 INFO  - ==> GRPC service request recieved: lib.grpc.services.auto.EmptyRequest >>>  >>> Requester: execution(void lib.grpc.services.GrpcBookService.logout(EmptyRequest,StreamObserver))
2020-09-24 20:06:20,258 1725729 INFO  - ==> GRPC service request ended:  >>> 
2020-09-24 20:06:20,258 1725729 INFO  - ==> GRPC service request successfull:  >>> 
2020-09-24 20:06:29,112 1734583 INFO  - ==> GRPC service request recieved: lib.grpc.services.auto.EmptyRequest >>>  >>> Requester: execution(void lib.grpc.services.GrpcBookService.getAllBooks(EmptyRequest,StreamObserver))
2020-09-24 20:06:29,660 1735131 INFO  - ==> GRPC service request ended:  >>> 
2020-09-24 20:06:29,660 1735131 INFO  - ==> GRPC service request successfull:  >>> 
2020-09-24 20:26:16,656 2922127 INFO  - ==> GRPC service request recieved: lib.grpc.services.auto.IsbnRequest >>> isbn: 618260307
 >>> Requester: execution(void lib.grpc.services.GrpcBookService.downloadBookFromServer(IsbnRequest,StreamObserver))
2020-09-24 20:26:16,666 2922137 WARN  - SQL Warning Code: 10000, SQLState: 01J01
2020-09-24 20:26:16,666 2922137 WARN  - Database 'mydb' not created, connection made to existing database instead.
2020-09-24 20:26:16,667 2922138 INFO  - ==> GRPC service request ended:  >>> isbn: 618260307

2020-09-24 20:26:16,667 2922138 INFO  - ==> GRPC service request successfull:  >>> isbn: 618260307

2020-09-24 20:26:32,139 2937610 INFO  - ==> GRPC service request recieved: lib.grpc.services.auto.UserLoginRequest >>> serverUrl: "http://localhost:8080/nuxeo"
userId: "gaurav"
password: "gaurav"
 >>> Requester: execution(void lib.grpc.services.GrpcBookService.login(UserLoginRequest,StreamObserver))
2020-09-24 20:26:32,250 2937721 INFO  - ==> GRPC service request ended:  >>> serverUrl: "http://localhost:8080/nuxeo"
userId: "gaurav"
password: "gaurav"

2020-09-24 20:26:32,251 2937722 INFO  - ==> GRPC service request successfull:  >>> serverUrl: "http://localhost:8080/nuxeo"
userId: "gaurav"
password: "gaurav"

2020-09-24 20:26:55,896 2961367 INFO  - ==> GRPC service request recieved: lib.grpc.services.auto.EmptyRequest >>>  >>> Requester: execution(void lib.grpc.services.GrpcBookService.logout(EmptyRequest,StreamObserver))
2020-09-24 20:26:55,900 2961371 INFO  - ==> GRPC service request ended:  >>> 
2020-09-24 20:26:55,901 2961372 INFO  - ==> GRPC service request successfull:  >>> 
2020-09-24 20:26:58,700 2964171 INFO  - ==> GRPC service request recieved: lib.grpc.services.auto.IsbnRequest >>> isbn: 618260307
 >>> Requester: execution(void lib.grpc.services.GrpcBookService.downloadBookFromServer(IsbnRequest,StreamObserver))
2020-09-24 20:26:58,702 2964173 INFO  - ==> GRPC service request ended:  >>> isbn: 618260307

2020-09-24 20:26:58,703 2964174 INFO  - ==> GRPC service request successfull:  >>> isbn: 618260307

2020-09-24 20:27:18,037 2983508 INFO  - ==> GRPC service request recieved: lib.grpc.services.auto.IsbnRequest >>> isbn: 618260307
 >>> Requester: execution(void lib.grpc.services.GrpcBookService.downloadBookFromServer(IsbnRequest,StreamObserver))
2020-09-24 20:27:50,514 3015985 INFO  - ==> GRPC service request ended:  >>> isbn: 618260307

2020-09-24 20:27:50,515 3015986 INFO  - ==> GRPC service request successfull:  >>> isbn: 618260307

2020-09-24 20:27:56,575 3022046 INFO  - ==> GRPC service request recieved: lib.grpc.services.auto.UserLoginRequest >>> serverUrl: "http://localhost:8080/nuxeo"
userId: "gaurav"
password: "gaurav"
 >>> Requester: execution(void lib.grpc.services.GrpcBookService.login(UserLoginRequest,StreamObserver))
2020-09-24 20:27:59,698 3025169 INFO  - ==> GRPC service request ended:  >>> serverUrl: "http://localhost:8080/nuxeo"
userId: "gaurav"
password: "gaurav"

2020-09-24 20:27:59,698 3025169 INFO  - ==> GRPC service request successfull:  >>> serverUrl: "http://localhost:8080/nuxeo"
userId: "gaurav"
password: "gaurav"

2020-09-24 20:28:05,615 3031086 INFO  - ==> GRPC service request recieved: lib.grpc.services.auto.IsbnRequest >>> isbn: 618260307
 >>> Requester: execution(void lib.grpc.services.GrpcBookService.downloadBookFromServer(IsbnRequest,StreamObserver))
2020-09-24 20:32:04,391 3269862 INFO  - ==> GRPC service request ended:  >>> isbn: 618260307

2020-09-24 20:32:12,663 3278134 ERROR - ==> GRPC service request failed: not-null property references a null or transient value : lib.model.Book.author; nested exception is org.hibernate.PropertyValueException: not-null property references a null or transient value : lib.model.Book.author
2020-09-24 20:32:12,669 3278140 ERROR - Exception while executing runnable io.grpc.internal.ServerImpl$JumpToApplicationThreadServerStreamListener$1HalfClosed@113c8ce8
org.springframework.dao.DataIntegrityViolationException: not-null property references a null or transient value : lib.model.Book.author; nested exception is org.hibernate.PropertyValueException: not-null property references a null or transient value : lib.model.Book.author
	at org.springframework.orm.jpa.vendor.HibernateJpaDialect.convertHibernateAccessException(HibernateJpaDialect.java:315) ~[spring-orm-5.1.16.RELEASE.jar:5.1.16.RELEASE]
	at org.springframework.orm.jpa.vendor.HibernateJpaDialect.translateExceptionIfPossible(HibernateJpaDialect.java:254) ~[spring-orm-5.1.16.RELEASE.jar:5.1.16.RELEASE]
	at org.springframework.orm.jpa.AbstractEntityManagerFactoryBean.translateExceptionIfPossible(AbstractEntityManagerFactoryBean.java:528) ~[spring-orm-5.1.16.RELEASE.jar:5.1.16.RELEASE]
	at org.springframework.dao.support.ChainedPersistenceExceptionTranslator.translateExceptionIfPossible(ChainedPersistenceExceptionTranslator.java:61) ~[spring-tx-5.1.16.RELEASE.jar:5.1.16.RELEASE]
	at org.springframework.dao.support.DataAccessUtils.translateIfNecessary(DataAccessUtils.java:242) ~[spring-tx-5.1.16.RELEASE.jar:5.1.16.RELEASE]
	at org.springframework.dao.support.PersistenceExceptionTranslationInterceptor.invoke(PersistenceExceptionTranslationInterceptor.java:153) ~[spring-tx-5.1.16.RELEASE.jar:5.1.16.RELEASE]
	at org.springframework.aop.framework.ReflectiveMethodInvocation.proceed(ReflectiveMethodInvocation.java:186) ~[spring-aop-5.1.16.RELEASE.jar:5.1.16.RELEASE]
	at org.springframework.data.jpa.repository.support.CrudMethodMetadataPostProcessor$CrudMethodMetadataPopulatingMethodInterceptor.invoke(CrudMethodMetadataPostProcessor.java:144) ~[spring-data-jpa-2.1.18.RELEASE.jar:2.1.18.RELEASE]
	at org.springframework.aop.framework.ReflectiveMethodInvocation.proceed(ReflectiveMethodInvocation.java:186) ~[spring-aop-5.1.16.RELEASE.jar:5.1.16.RELEASE]
	at org.springframework.data.jpa.repository.support.CrudMethodMetadataPostProcessor$ExposeRepositoryInvocationInterceptor.invoke(CrudMethodMetadataPostProcessor.java:364) ~[spring-data-jpa-2.1.18.RELEASE.jar:2.1.18.RELEASE]
	at org.springframework.aop.framework.ReflectiveMethodInvocation.proceed(ReflectiveMethodInvocation.java:186) ~[spring-aop-5.1.16.RELEASE.jar:5.1.16.RELEASE]
	at org.springframework.aop.interceptor.ExposeInvocationInterceptor.invoke(ExposeInvocationInterceptor.java:93) ~[spring-aop-5.1.16.RELEASE.jar:5.1.16.RELEASE]
	at org.springframework.aop.framework.ReflectiveMethodInvocation.proceed(ReflectiveMethodInvocation.java:186) ~[spring-aop-5.1.16.RELEASE.jar:5.1.16.RELEASE]
	at org.springframework.data.repository.core.support.SurroundingTransactionDetectorMethodInterceptor.invoke(SurroundingTransactionDetectorMethodInterceptor.java:61) ~[spring-data-commons-2.1.18.RELEASE.jar:2.1.18.RELEASE]
	at org.springframework.aop.framework.ReflectiveMethodInvocation.proceed(ReflectiveMethodInvocation.java:186) ~[spring-aop-5.1.16.RELEASE.jar:5.1.16.RELEASE]
	at org.springframework.aop.framework.JdkDynamicAopProxy.invoke(JdkDynamicAopProxy.java:212) ~[spring-aop-5.1.16.RELEASE.jar:5.1.16.RELEASE]
	at com.sun.proxy.$Proxy100.save(Unknown Source) ~[?:?]
	at lib.service.api.impl.BookServiceImpl.addBook(BookServiceImpl.java:47) ~[classes/:?]
	at lib.service.api.impl.BookServiceImpl.downloadBookFromServer(BookServiceImpl.java:187) ~[classes/:?]
	at lib.grpc.services.GrpcBookService.downloadBookFromServer(GrpcBookService.java:223) ~[classes/:?]
	at lib.grpc.services.GrpcBookService$$FastClassBySpringCGLIB$$37be6d05.invoke(<generated>) ~[classes/:?]
	at org.springframework.cglib.proxy.MethodProxy.invoke(MethodProxy.java:218) ~[spring-core-5.1.16.RELEASE.jar:5.1.16.RELEASE]
	at org.springframework.aop.framework.CglibAopProxy$CglibMethodInvocation.invokeJoinpoint(CglibAopProxy.java:752) ~[spring-aop-5.1.16.RELEASE.jar:5.1.16.RELEASE]
	at org.springframework.aop.framework.ReflectiveMethodInvocation.proceed(ReflectiveMethodInvocation.java:163) ~[spring-aop-5.1.16.RELEASE.jar:5.1.16.RELEASE]
	at org.springframework.aop.framework.adapter.MethodBeforeAdviceInterceptor.invoke(MethodBeforeAdviceInterceptor.java:56) ~[spring-aop-5.1.16.RELEASE.jar:5.1.16.RELEASE]
	at org.springframework.aop.framework.ReflectiveMethodInvocation.proceed(ReflectiveMethodInvocation.java:175) ~[spring-aop-5.1.16.RELEASE.jar:5.1.16.RELEASE]
	at org.springframework.aop.aspectj.AspectJAfterAdvice.invoke(AspectJAfterAdvice.java:47) ~[spring-aop-5.1.16.RELEASE.jar:5.1.16.RELEASE]
	at org.springframework.aop.framework.ReflectiveMethodInvocation.proceed(ReflectiveMethodInvocation.java:175) ~[spring-aop-5.1.16.RELEASE.jar:5.1.16.RELEASE]
	at org.springframework.aop.framework.adapter.AfterReturningAdviceInterceptor.invoke(AfterReturningAdviceInterceptor.java:55) ~[spring-aop-5.1.16.RELEASE.jar:5.1.16.RELEASE]
	at org.springframework.aop.framework.ReflectiveMethodInvocation.proceed(ReflectiveMethodInvocation.java:175) ~[spring-aop-5.1.16.RELEASE.jar:5.1.16.RELEASE]
	at org.springframework.aop.aspectj.AspectJAfterThrowingAdvice.invoke(AspectJAfterThrowingAdvice.java:62) ~[spring-aop-5.1.16.RELEASE.jar:5.1.16.RELEASE]
	at org.springframework.aop.framework.ReflectiveMethodInvocation.proceed(ReflectiveMethodInvocation.java:175) ~[spring-aop-5.1.16.RELEASE.jar:5.1.16.RELEASE]
	at org.springframework.aop.interceptor.ExposeInvocationInterceptor.invoke(ExposeInvocationInterceptor.java:93) ~[spring-aop-5.1.16.RELEASE.jar:5.1.16.RELEASE]
	at org.springframework.aop.framework.ReflectiveMethodInvocation.proceed(ReflectiveMethodInvocation.java:186) ~[spring-aop-5.1.16.RELEASE.jar:5.1.16.RELEASE]
	at org.springframework.aop.framework.CglibAopProxy$DynamicAdvisedInterceptor.intercept(CglibAopProxy.java:691) ~[spring-aop-5.1.16.RELEASE.jar:5.1.16.RELEASE]
	at lib.grpc.services.GrpcBookService$$EnhancerBySpringCGLIB$$f36c0a32.downloadBookFromServer(<generated>) ~[classes/:?]
	at lib.grpc.services.auto.BookServiceGrpc$MethodHandlers.invoke(BookServiceGrpc.java:949) ~[classes/:?]
	at io.grpc.stub.ServerCalls$UnaryServerCallHandler$UnaryServerCallListener.onHalfClose(ServerCalls.java:172) ~[grpc-stub-1.30.0.jar:1.30.0]
	at io.grpc.internal.ServerCallImpl$ServerStreamListenerImpl.halfClosed(ServerCallImpl.java:331) ~[grpc-core-1.30.0.jar:1.30.0]
	at io.grpc.internal.ServerImpl$JumpToApplicationThreadServerStreamListener$1HalfClosed.runInContext(ServerImpl.java:820) ~[grpc-core-1.30.0.jar:1.30.0]
	at io.grpc.internal.ContextRunnable.run(ContextRunnable.java:37) ~[grpc-core-1.30.0.jar:1.30.0]
	at io.grpc.internal.SerializingExecutor.run(SerializingExecutor.java:123) [grpc-core-1.30.0.jar:1.30.0]
	at java.util.concurrent.ThreadPoolExecutor.runWorker(ThreadPoolExecutor.java:1149) [?:1.8.0_252]
	at java.util.concurrent.ThreadPoolExecutor$Worker.run(ThreadPoolExecutor.java:624) [?:1.8.0_252]
	at java.lang.Thread.run(Thread.java:748) [?:1.8.0_252]
Caused by: org.hibernate.PropertyValueException: not-null property references a null or transient value : lib.model.Book.author
	at org.hibernate.engine.internal.Nullability.checkNullability(Nullability.java:108) ~[hibernate-core-5.3.17.Final.jar:5.3.17.Final]
	at org.hibernate.engine.internal.Nullability.checkNullability(Nullability.java:56) ~[hibernate-core-5.3.17.Final.jar:5.3.17.Final]
	at org.hibernate.action.internal.AbstractEntityInsertAction.nullifyTransientReferencesIfNotAlready(AbstractEntityInsertAction.java:115) ~[hibernate-core-5.3.17.Final.jar:5.3.17.Final]
	at org.hibernate.action.internal.AbstractEntityInsertAction.makeEntityManaged(AbstractEntityInsertAction.java:124) ~[hibernate-core-5.3.17.Final.jar:5.3.17.Final]
	at org.hibernate.engine.spi.ActionQueue.addResolvedEntityInsertAction(ActionQueue.java:289) ~[hibernate-core-5.3.17.Final.jar:5.3.17.Final]
	at org.hibernate.engine.spi.ActionQueue.addInsertAction(ActionQueue.java:263) ~[hibernate-core-5.3.17.Final.jar:5.3.17.Final]
	at org.hibernate.engine.spi.ActionQueue.addAction(ActionQueue.java:250) ~[hibernate-core-5.3.17.Final.jar:5.3.17.Final]
	at org.hibernate.event.internal.AbstractSaveEventListener.addInsertAction(AbstractSaveEventListener.java:340) ~[hibernate-core-5.3.17.Final.jar:5.3.17.Final]
	at org.hibernate.event.internal.AbstractSaveEventListener.performSaveOrReplicate(AbstractSaveEventListener.java:289) ~[hibernate-core-5.3.17.Final.jar:5.3.17.Final]
	at org.hibernate.event.internal.AbstractSaveEventListener.performSave(AbstractSaveEventListener.java:196) ~[hibernate-core-5.3.17.Final.jar:5.3.17.Final]
	at org.hibernate.event.internal.AbstractSaveEventListener.saveWithGeneratedId(AbstractSaveEventListener.java:139) ~[hibernate-core-5.3.17.Final.jar:5.3.17.Final]
	at org.hibernate.event.internal.DefaultPersistEventListener.entityIsTransient(DefaultPersistEventListener.java:192) ~[hibernate-core-5.3.17.Final.jar:5.3.17.Final]
	at org.hibernate.event.internal.DefaultPersistEventListener.onPersist(DefaultPersistEventListener.java:135) ~[hibernate-core-5.3.17.Final.jar:5.3.17.Final]
	at org.hibernate.event.internal.DefaultPersistEventListener.onPersist(DefaultPersistEventListener.java:62) ~[hibernate-core-5.3.17.Final.jar:5.3.17.Final]
	at org.hibernate.internal.SessionImpl.firePersist(SessionImpl.java:804) ~[hibernate-core-5.3.17.Final.jar:5.3.17.Final]
	at org.hibernate.internal.SessionImpl.persist(SessionImpl.java:789) ~[hibernate-core-5.3.17.Final.jar:5.3.17.Final]
	at sun.reflect.NativeMethodAccessorImpl.invoke0(Native Method) ~[?:1.8.0_252]
	at sun.reflect.NativeMethodAccessorImpl.invoke(NativeMethodAccessorImpl.java:62) ~[?:1.8.0_252]
	at sun.reflect.DelegatingMethodAccessorImpl.invoke(DelegatingMethodAccessorImpl.java:43) ~[?:1.8.0_252]
	at java.lang.reflect.Method.invoke(Method.java:498) ~[?:1.8.0_252]
	at org.springframework.orm.jpa.SharedEntityManagerCreator$SharedEntityManagerInvocationHandler.invoke(SharedEntityManagerCreator.java:310) ~[spring-orm-5.1.16.RELEASE.jar:5.1.16.RELEASE]
	at com.sun.proxy.$Proxy96.persist(Unknown Source) ~[?:?]
	at org.springframework.data.jpa.repository.support.SimpleJpaRepository.save(SimpleJpaRepository.java:535) ~[spring-data-jpa-2.1.18.RELEASE.jar:2.1.18.RELEASE]
	at sun.reflect.NativeMethodAccessorImpl.invoke0(Native Method) ~[?:1.8.0_252]
	at sun.reflect.NativeMethodAccessorImpl.invoke(NativeMethodAccessorImpl.java:62) ~[?:1.8.0_252]
	at sun.reflect.DelegatingMethodAccessorImpl.invoke(DelegatingMethodAccessorImpl.java:43) ~[?:1.8.0_252]
	at java.lang.reflect.Method.invoke(Method.java:498) ~[?:1.8.0_252]
	at org.springframework.data.repository.core.support.RepositoryComposition$RepositoryFragments.invoke(RepositoryComposition.java:359) ~[spring-data-commons-2.1.18.RELEASE.jar:2.1.18.RELEASE]
	at org.springframework.data.repository.core.support.RepositoryComposition.invoke(RepositoryComposition.java:200) ~[spring-data-commons-2.1.18.RELEASE.jar:2.1.18.RELEASE]
	at org.springframework.data.repository.core.support.RepositoryFactorySupport$ImplementationMethodExecutionInterceptor.invoke(RepositoryFactorySupport.java:644) ~[spring-data-commons-2.1.18.RELEASE.jar:2.1.18.RELEASE]
	at org.springframework.aop.framework.ReflectiveMethodInvocation.proceed(ReflectiveMethodInvocation.java:186) ~[spring-aop-5.1.16.RELEASE.jar:5.1.16.RELEASE]
	at org.springframework.data.repository.core.support.RepositoryFactorySupport$QueryExecutorMethodInterceptor.doInvoke(RepositoryFactorySupport.java:608) ~[spring-data-commons-2.1.18.RELEASE.jar:2.1.18.RELEASE]
	at org.springframework.data.repository.core.support.RepositoryFactorySupport$QueryExecutorMethodInterceptor.lambda$invoke$3(RepositoryFactorySupport.java:595) ~[spring-data-commons-2.1.18.RELEASE.jar:2.1.18.RELEASE]
	at org.springframework.data.repository.core.support.RepositoryFactorySupport$QueryExecutorMethodInterceptor.invoke(RepositoryFactorySupport.java:595) ~[spring-data-commons-2.1.18.RELEASE.jar:2.1.18.RELEASE]
	at org.springframework.aop.framework.ReflectiveMethodInvocation.proceed(ReflectiveMethodInvocation.java:186) ~[spring-aop-5.1.16.RELEASE.jar:5.1.16.RELEASE]
	at org.springframework.data.projection.DefaultMethodInvokingMethodInterceptor.invoke(DefaultMethodInvokingMethodInterceptor.java:59) ~[spring-data-commons-2.1.18.RELEASE.jar:2.1.18.RELEASE]
	at org.springframework.aop.framework.ReflectiveMethodInvocation.proceed(ReflectiveMethodInvocation.java:186) ~[spring-aop-5.1.16.RELEASE.jar:5.1.16.RELEASE]
	at org.springframework.transaction.interceptor.TransactionAspectSupport.invokeWithinTransaction(TransactionAspectSupport.java:295) ~[spring-tx-5.1.16.RELEASE.jar:5.1.16.RELEASE]
	at org.springframework.transaction.interceptor.TransactionInterceptor.invoke(TransactionInterceptor.java:98) ~[spring-tx-5.1.16.RELEASE.jar:5.1.16.RELEASE]
	at org.springframework.aop.framework.ReflectiveMethodInvocation.proceed(ReflectiveMethodInvocation.java:186) ~[spring-aop-5.1.16.RELEASE.jar:5.1.16.RELEASE]
	at org.springframework.dao.support.PersistenceExceptionTranslationInterceptor.invoke(PersistenceExceptionTranslationInterceptor.java:139) ~[spring-tx-5.1.16.RELEASE.jar:5.1.16.RELEASE]
	... 39 more
2020-09-24 20:37:51,859 1701  INFO  - Starting BooksLibraryApp on INCNI6P031 with PID 408124 (D:\mlm_dev\gitrepo\books-library-project\library-application\target\classes started by msn2t7 in D:\mlm_dev\gitrepo\books-library-project\library-application)
2020-09-24 20:37:51,865 1707  INFO  - No active profile set, falling back to default profiles: default
2020-09-24 20:37:52,906 2748  INFO  - Bootstrapping Spring Data JPA repositories in DEFAULT mode.
2020-09-24 20:37:53,053 2895  INFO  - Finished Spring Data repository scanning in 125ms. Found 2 JPA repository interfaces.
2020-09-24 20:37:54,313 4155  INFO  - HikariPool-1 - Starting...
2020-09-24 20:37:54,322 4164  WARN  - Registered driver with driverClassName=org.apache.derby.jdbc.EmbeddedDriver was not found, trying direct instantiation.
2020-09-24 20:37:54,740 4582  INFO  - HikariPool-1 - Driver does not support get/set network timeout for connections. (Feature not implemented: No details.)
2020-09-24 20:37:54,745 4587  INFO  - HikariPool-1 - Start completed.
2020-09-24 20:37:54,838 4680  INFO  - HHH000204: Processing PersistenceUnitInfo [
	name: default
	...]
2020-09-24 20:37:54,955 4797  INFO  - HHH000412: Hibernate Core {5.3.17.Final}
2020-09-24 20:37:54,957 4799  INFO  - HHH000206: hibernate.properties not found
2020-09-24 20:37:55,257 5099  INFO  - HCANN000001: Hibernate Commons Annotations {5.0.4.Final}
2020-09-24 20:37:56,111 5953  INFO  - HHH000400: Using dialect: org.hibernate.dialect.DerbyDialect
2020-09-24 20:37:56,120 5962  WARN  - HHH000430: The DerbyDialect dialect has been deprecated; use one of the version-specific dialects instead
2020-09-24 20:37:57,560 7402  INFO  - Initialized JPA EntityManagerFactory for persistence unit 'default'
2020-09-24 20:37:58,416 8258  INFO  - Unable to proxy interface-implementing method [public final io.grpc.ServerServiceDefinition lib.grpc.services.auto.BookServiceGrpc$BookServiceImplBase.bindService()] because it is marked as final: Consider using interface-based JDK proxies instead!
2020-09-24 20:37:59,139 8981  INFO  - Started BooksLibraryApp in 7.731 seconds (JVM running for 9.047)
2020-09-24 20:37:59,141 8983  INFO  - Starting gRPC Server ...
2020-09-24 20:37:59,219 9061  INFO  - 'lib.grpc.services.GrpcBookService$$EnhancerBySpringCGLIB$$330d2e7e' service has been registered.
2020-09-24 20:38:00,513 10355 INFO  - gRPC Server started, listening on port 7070.
2020-09-24 20:38:07,142 16984 INFO  - ==> GRPC service request recieved: lib.grpc.services.auto.IsbnRequest >>> isbn: 6182603071
 >>> Requester: execution(void lib.grpc.services.GrpcBookService.downloadBookFromServer(IsbnRequest,StreamObserver))
2020-09-24 20:38:07,196 17038 INFO  - HHH000397: Using ASTQueryTranslatorFactory
2020-09-24 20:38:07,488 17330 INFO  - ==> GRPC service request ended:  >>> isbn: 6182603071

2020-09-24 20:38:07,489 17331 INFO  - ==> GRPC service request successfull:  >>> isbn: 6182603071

2020-09-24 20:38:14,067 23909 INFO  - ==> GRPC service request recieved: lib.grpc.services.auto.UserLoginRequest >>> serverUrl: "http://localhost:8080/nuxeo"
userId: "gaurav"
password: "gaurav"
 >>> Requester: execution(void lib.grpc.services.GrpcBookService.login(UserLoginRequest,StreamObserver))
2020-09-24 20:38:14,551 24393 INFO  - ==> GRPC service request ended:  >>> serverUrl: "http://localhost:8080/nuxeo"
userId: "gaurav"
password: "gaurav"

2020-09-24 20:38:14,552 24394 INFO  - ==> GRPC service request successfull:  >>> serverUrl: "http://localhost:8080/nuxeo"
userId: "gaurav"
password: "gaurav"

2020-09-24 20:40:36,296 166138 INFO  - ==> GRPC service request recieved: lib.grpc.services.auto.UserLoginRequest >>> serverUrl: "http://localhost:8080/nuxeo"
userId: "gaurav"
password: "gaurav"
 >>> Requester: execution(void lib.grpc.services.GrpcBookService.login(UserLoginRequest,StreamObserver))
2020-09-24 20:40:36,298 166140 INFO  - ==> GRPC service request ended:  >>> serverUrl: "http://localhost:8080/nuxeo"
userId: "gaurav"
password: "gaurav"

2020-09-24 20:40:36,298 166140 INFO  - ==> GRPC service request successfull:  >>> serverUrl: "http://localhost:8080/nuxeo"
userId: "gaurav"
password: "gaurav"

2020-09-24 20:41:53,480 243322 INFO  - ==> GRPC service request recieved: lib.grpc.services.auto.IsbnRequest >>> isbn: 6182603071
 >>> Requester: execution(void lib.grpc.services.GrpcBookService.downloadBookFromServer(IsbnRequest,StreamObserver))
2020-09-24 20:41:53,511 243353 INFO  - ==> GRPC service request ended:  >>> isbn: 6182603071

2020-09-24 20:41:53,511 243353 INFO  - ==> GRPC service request successfull:  >>> isbn: 6182603071

2020-09-24 20:43:17,757 327599 INFO  - ==> GRPC service request recieved: lib.grpc.services.auto.IsbnRequest >>> isbn: 6182603071
 >>> Requester: execution(void lib.grpc.services.GrpcBookService.downloadBookFromServer(IsbnRequest,StreamObserver))
2020-09-24 20:43:17,777 327619 INFO  - ==> GRPC service request ended:  >>> isbn: 6182603071

2020-09-24 20:43:17,777 327619 INFO  - ==> GRPC service request successfull:  >>> isbn: 6182603071

2020-09-24 20:43:37,913 347755 INFO  - ==> GRPC service request recieved: lib.grpc.services.auto.IsbnRequest >>> isbn: 6182603071
 >>> Requester: execution(void lib.grpc.services.GrpcBookService.downloadBookFromServer(IsbnRequest,StreamObserver))
2020-09-24 20:43:37,925 347767 INFO  - ==> GRPC service request ended:  >>> isbn: 6182603071

2020-09-24 20:43:37,925 347767 INFO  - ==> GRPC service request successfull:  >>> isbn: 6182603071

2020-09-24 20:43:56,023 4050  INFO  - Starting BooksLibraryApp on INCNI6P031 with PID 451244 (D:\mlm_dev\gitrepo\books-library-project\library-application\target\classes started by msn2t7 in D:\mlm_dev\gitrepo\books-library-project\library-application)
2020-09-24 20:43:56,032 4059  INFO  - No active profile set, falling back to default profiles: default
2020-09-24 20:43:57,217 5244  INFO  - Bootstrapping Spring Data JPA repositories in DEFAULT mode.
2020-09-24 20:43:57,341 5368  INFO  - Finished Spring Data repository scanning in 105ms. Found 2 JPA repository interfaces.
2020-09-24 20:43:59,213 7240  INFO  - HikariPool-1 - Starting...
2020-09-24 20:43:59,224 7251  WARN  - Registered driver with driverClassName=org.apache.derby.jdbc.EmbeddedDriver was not found, trying direct instantiation.
2020-09-24 20:43:59,770 7797  INFO  - HikariPool-1 - Driver does not support get/set network timeout for connections. (Feature not implemented: No details.)
2020-09-24 20:43:59,776 7803  INFO  - HikariPool-1 - Start completed.
2020-09-24 20:43:59,929 7956  INFO  - HHH000204: Processing PersistenceUnitInfo [
	name: default
	...]
2020-09-24 20:44:00,290 8317  INFO  - HHH000412: Hibernate Core {5.3.17.Final}
2020-09-24 20:44:00,295 8322  INFO  - HHH000206: hibernate.properties not found
2020-09-24 20:44:00,779 8806  INFO  - HCANN000001: Hibernate Commons Annotations {5.0.4.Final}
2020-09-24 20:44:01,899 9926  INFO  - HHH000400: Using dialect: org.hibernate.dialect.DerbyDialect
2020-09-24 20:44:01,912 9939  WARN  - HHH000430: The DerbyDialect dialect has been deprecated; use one of the version-specific dialects instead
2020-09-24 20:44:03,852 11879 INFO  - Initialized JPA EntityManagerFactory for persistence unit 'default'
2020-09-24 20:44:04,907 12934 INFO  - Unable to proxy interface-implementing method [public final io.grpc.ServerServiceDefinition lib.grpc.services.auto.BookServiceGrpc$BookServiceImplBase.bindService()] because it is marked as final: Consider using interface-based JDK proxies instead!
2020-09-24 20:44:05,801 13828 INFO  - Started BooksLibraryApp in 10.481 seconds (JVM running for 14.024)
2020-09-24 20:44:05,803 13830 INFO  - Starting gRPC Server ...
2020-09-24 20:44:05,897 13924 INFO  - 'lib.grpc.services.GrpcBookService$$EnhancerBySpringCGLIB$$66f9e59d' service has been registered.
2020-09-24 20:44:07,403 15430 INFO  - gRPC Server started, listening on port 7070.
2020-09-24 20:44:12,009 20036 INFO  - ==> GRPC service request recieved: lib.grpc.services.auto.IsbnRequest >>> isbn: 6182603071
 >>> Requester: execution(void lib.grpc.services.GrpcBookService.downloadBookFromServer(IsbnRequest,StreamObserver))
2020-09-24 20:44:18,992 27019 INFO  - HHH000397: Using ASTQueryTranslatorFactory
2020-09-24 20:44:46,052 54079 INFO  - ==> GRPC service request ended:  >>> isbn: 6182603071

2020-09-24 20:44:46,053 54080 INFO  - ==> GRPC service request successfull:  >>> isbn: 6182603071

2020-09-24 20:44:50,567 58594 INFO  - ==> GRPC service request recieved: lib.grpc.services.auto.UserLoginRequest >>> serverUrl: "http://localhost:8080/nuxeo"
userId: "gaurav"
password: "gaurav"
 >>> Requester: execution(void lib.grpc.services.GrpcBookService.login(UserLoginRequest,StreamObserver))
2020-09-24 20:44:57,271 65298 INFO  - ==> GRPC service request ended:  >>> serverUrl: "http://localhost:8080/nuxeo"
userId: "gaurav"
password: "gaurav"

2020-09-24 20:44:57,272 65299 INFO  - ==> GRPC service request successfull:  >>> serverUrl: "http://localhost:8080/nuxeo"
userId: "gaurav"
password: "gaurav"

2020-09-24 20:45:00,640 68667 INFO  - ==> GRPC service request recieved: lib.grpc.services.auto.IsbnRequest >>> isbn: 6182603071
 >>> Requester: execution(void lib.grpc.services.GrpcBookService.downloadBookFromServer(IsbnRequest,StreamObserver))
2020-09-24 20:45:27,819 95846 INFO  - ==> GRPC service request ended:  >>> isbn: 6182603071

2020-09-24 20:45:27,819 95846 INFO  - ==> GRPC service request successfull:  >>> isbn: 6182603071

2020-09-24 20:45:34,717 102744 INFO  - ==> GRPC service request recieved: lib.grpc.services.auto.IsbnRequest >>> isbn: 618260307
 >>> Requester: execution(void lib.grpc.services.GrpcBookService.downloadBookFromServer(IsbnRequest,StreamObserver))
2020-09-24 20:51:44,745 2789  INFO  - Starting BooksLibraryApp on INCNI6P031 with PID 453004 (D:\mlm_dev\gitrepo\books-library-project\library-application\target\classes started by msn2t7 in D:\mlm_dev\gitrepo\books-library-project\library-application)
2020-09-24 20:51:44,754 2798  INFO  - No active profile set, falling back to default profiles: default
2020-09-24 20:51:45,903 3947  INFO  - Bootstrapping Spring Data JPA repositories in DEFAULT mode.
2020-09-24 20:51:46,044 4088  INFO  - Finished Spring Data repository scanning in 119ms. Found 2 JPA repository interfaces.
2020-09-24 20:51:47,958 6002  INFO  - HikariPool-1 - Starting...
2020-09-24 20:51:47,969 6013  WARN  - Registered driver with driverClassName=org.apache.derby.jdbc.EmbeddedDriver was not found, trying direct instantiation.
2020-09-24 20:51:48,495 6539  INFO  - HikariPool-1 - Driver does not support get/set network timeout for connections. (Feature not implemented: No details.)
2020-09-24 20:51:48,501 6545  INFO  - HikariPool-1 - Start completed.
2020-09-24 20:51:48,652 6696  INFO  - HHH000204: Processing PersistenceUnitInfo [
	name: default
	...]
2020-09-24 20:51:49,005 7049  INFO  - HHH000412: Hibernate Core {5.3.17.Final}
2020-09-24 20:51:49,011 7055  INFO  - HHH000206: hibernate.properties not found
2020-09-24 20:51:49,420 7464  INFO  - HCANN000001: Hibernate Commons Annotations {5.0.4.Final}
2020-09-24 20:51:50,582 8626  INFO  - HHH000400: Using dialect: org.hibernate.dialect.DerbyDialect
2020-09-24 20:51:50,593 8637  WARN  - HHH000430: The DerbyDialect dialect has been deprecated; use one of the version-specific dialects instead
2020-09-24 20:51:52,603 10647 INFO  - Initialized JPA EntityManagerFactory for persistence unit 'default'
2020-09-24 20:51:53,765 11809 INFO  - Unable to proxy interface-implementing method [public final io.grpc.ServerServiceDefinition lib.grpc.services.auto.BookServiceGrpc$BookServiceImplBase.bindService()] because it is marked as final: Consider using interface-based JDK proxies instead!
2020-09-24 20:51:54,530 12574 INFO  - Started BooksLibraryApp in 10.451 seconds (JVM running for 12.653)
2020-09-24 20:51:54,532 12576 INFO  - Starting gRPC Server ...
2020-09-24 20:51:54,625 12669 INFO  - 'lib.grpc.services.GrpcBookService$$EnhancerBySpringCGLIB$$9c5ac1d9' service has been registered.
2020-09-24 20:51:56,075 14119 INFO  - gRPC Server started, listening on port 7070.
2020-09-24 20:52:08,649 26693 INFO  - ==> GRPC service request recieved: lib.grpc.services.auto.UserLoginRequest >>> serverUrl: "http://localhost:8080/nuxeo"
userId: "gaurav"
password: "gaurav"
 >>> Requester: execution(void lib.grpc.services.GrpcBookService.login(UserLoginRequest,StreamObserver))
2020-09-24 20:52:09,349 27393 INFO  - ==> GRPC service request ended:  >>> serverUrl: "http://localhost:8080/nuxeo"
userId: "gaurav"
password: "gaurav"

2020-09-24 20:52:09,350 27394 INFO  - ==> GRPC service request successfull:  >>> serverUrl: "http://localhost:8080/nuxeo"
userId: "gaurav"
password: "gaurav"

2020-09-24 20:52:13,014 31058 INFO  - ==> GRPC service request recieved: lib.grpc.services.auto.IsbnRequest >>> isbn: 618260307
 >>> Requester: execution(void lib.grpc.services.GrpcBookService.downloadBookFromServer(IsbnRequest,StreamObserver))
2020-09-24 20:52:13,063 31107 INFO  - HHH000397: Using ASTQueryTranslatorFactory
2020-09-24 20:53:09,726 87770 INFO  - ==> GRPC service request ended:  >>> isbn: 618260307

2020-09-24 20:53:09,727 87771 INFO  - ==> GRPC service request successfull:  >>> isbn: 618260307

2020-09-24 20:54:00,607 138651 INFO  - ==> GRPC service request recieved: lib.grpc.services.auto.IsbnRequest >>> isbn: 618260307
 >>> Requester: execution(void lib.grpc.services.GrpcBookService.downloadBookFromServer(IsbnRequest,StreamObserver))
2020-09-24 20:54:00,673 138717 INFO  - ==> GRPC service request ended:  >>> isbn: 618260307

2020-09-24 20:54:00,674 138718 INFO  - ==> GRPC service request successfull:  >>> isbn: 618260307

2020-09-24 20:55:09,240 207284 INFO  - ==> GRPC service request recieved: lib.grpc.services.auto.IsbnRequest >>> isbn: 618260307
 >>> Requester: execution(void lib.grpc.services.GrpcBookService.downloadBookFromServer(IsbnRequest,StreamObserver))
2020-09-24 20:55:09,259 207303 INFO  - ==> GRPC service request ended:  >>> isbn: 618260307

2020-09-24 20:55:09,259 207303 INFO  - ==> GRPC service request successfull:  >>> isbn: 618260307

2020-09-24 20:55:17,127 215171 INFO  - ==> GRPC service request recieved: lib.grpc.services.auto.EmptyRequest >>>  >>> Requester: execution(void lib.grpc.services.GrpcBookService.getAllBooks(EmptyRequest,StreamObserver))
2020-09-24 20:55:17,984 216028 INFO  - ==> GRPC service request ended:  >>> 
2020-09-24 20:55:17,984 216028 INFO  - ==> GRPC service request successfull:  >>> 
2020-09-24 20:55:35,893 233937 INFO  - ==> GRPC service request recieved: lib.grpc.services.auto.EmptyRequest >>>  >>> Requester: execution(void lib.grpc.services.GrpcBookService.getAllBooks(EmptyRequest,StreamObserver))
2020-09-24 20:55:36,371 234415 INFO  - ==> GRPC service request ended:  >>> 
2020-09-24 20:55:36,373 234417 INFO  - ==> GRPC service request successfull:  >>> 
2020-09-24 20:55:40,662 238706 INFO  - ==> GRPC service request recieved: lib.grpc.services.auto.IsbnRequest >>> isbn: 618260307
 >>> Requester: execution(void lib.grpc.services.GrpcBookService.deleteBookByIsbn(IsbnRequest,StreamObserver))
2020-09-24 20:55:40,728 238772 INFO  - ==> GRPC service request ended:  >>> isbn: 618260307

2020-09-24 20:55:40,729 238773 INFO  - ==> GRPC service request successfull:  >>> isbn: 618260307

2020-09-24 20:55:40,746 238790 INFO  - ==> GRPC service request recieved: lib.grpc.services.auto.EmptyRequest >>>  >>> Requester: execution(void lib.grpc.services.GrpcBookService.getAllBooks(EmptyRequest,StreamObserver))
2020-09-24 20:55:41,292 239336 INFO  - ==> GRPC service request ended:  >>> 
2020-09-24 20:55:41,293 239337 INFO  - ==> GRPC service request successfull:  >>> 
2020-09-24 20:55:50,239 248283 INFO  - ==> GRPC service request recieved: lib.grpc.services.auto.IsbnRequest >>> isbn: 618260307
 >>> Requester: execution(void lib.grpc.services.GrpcBookService.downloadBookFromServer(IsbnRequest,StreamObserver))
2020-09-24 20:55:57,118 255162 INFO  - ==> GRPC service request ended:  >>> isbn: 618260307

2020-09-24 20:55:57,119 255163 INFO  - ==> GRPC service request successfull:  >>> isbn: 618260307

2020-09-24 20:56:12,068 270112 INFO  - ==> GRPC service request recieved: lib.grpc.services.auto.EmptyRequest >>>  >>> Requester: execution(void lib.grpc.services.GrpcBookService.getAllBooks(EmptyRequest,StreamObserver))
2020-09-24 20:56:12,450 270494 INFO  - ==> GRPC service request ended:  >>> 
2020-09-24 20:56:12,450 270494 INFO  - ==> GRPC service request successfull:  >>> 
2020-09-24 20:56:13,834 271878 INFO  - ==> GRPC service request recieved: lib.grpc.services.auto.EmptyRequest >>>  >>> Requester: execution(void lib.grpc.services.GrpcBookService.getAllBooks(EmptyRequest,StreamObserver))
2020-09-24 20:56:14,112 272156 INFO  - ==> GRPC service request ended:  >>> 
2020-09-24 20:56:14,112 272156 INFO  - ==> GRPC service request successfull:  >>> 
2020-09-24 20:56:19,366 277410 INFO  - ==> GRPC service request recieved: lib.grpc.services.auto.IsbnRequest >>> isbn: 618260307
 >>> Requester: execution(void lib.grpc.services.GrpcBookService.deleteBookByIsbn(IsbnRequest,StreamObserver))
2020-09-24 20:56:19,380 277424 INFO  - ==> GRPC service request ended:  >>> isbn: 618260307

2020-09-24 20:56:19,381 277425 INFO  - ==> GRPC service request successfull:  >>> isbn: 618260307

2020-09-24 20:56:19,396 277440 INFO  - ==> GRPC service request recieved: lib.grpc.services.auto.EmptyRequest >>>  >>> Requester: execution(void lib.grpc.services.GrpcBookService.getAllBooks(EmptyRequest,StreamObserver))
2020-09-24 20:56:19,707 277751 INFO  - ==> GRPC service request ended:  >>> 
2020-09-24 20:56:19,708 277752 INFO  - ==> GRPC service request successfull:  >>> 
2020-09-24 20:56:21,089 279133 INFO  - ==> GRPC service request recieved: lib.grpc.services.auto.EmptyRequest >>>  >>> Requester: execution(void lib.grpc.services.GrpcBookService.getAllBooks(EmptyRequest,StreamObserver))
2020-09-24 20:56:21,441 279485 INFO  - ==> GRPC service request ended:  >>> 
2020-09-24 20:56:21,442 279486 INFO  - ==> GRPC service request successfull:  >>> 
2020-09-24 20:56:22,192 280236 INFO  - ==> GRPC service request recieved: lib.grpc.services.auto.EmptyRequest >>>  >>> Requester: execution(void lib.grpc.services.GrpcBookService.getAllBooks(EmptyRequest,StreamObserver))
2020-09-24 20:56:22,491 280535 INFO  - ==> GRPC service request ended:  >>> 
2020-09-24 20:56:22,491 280535 INFO  - ==> GRPC service request successfull:  >>> 
2020-09-24 20:56:24,926 282970 INFO  - ==> GRPC service request recieved: lib.grpc.services.auto.IsbnRequest >>> isbn: 618260307
 >>> Requester: execution(void lib.grpc.services.GrpcBookService.downloadBookFromServer(IsbnRequest,StreamObserver))
2020-09-24 20:56:24,955 282999 INFO  - ==> GRPC service request ended:  >>> isbn: 618260307

2020-09-24 20:56:24,956 283000 INFO  - ==> GRPC service request successfull:  >>> isbn: 618260307

2020-09-24 20:56:27,562 285606 INFO  - ==> GRPC service request recieved: lib.grpc.services.auto.EmptyRequest >>>  >>> Requester: execution(void lib.grpc.services.GrpcBookService.getAllBooks(EmptyRequest,StreamObserver))
2020-09-24 20:56:27,855 285899 INFO  - ==> GRPC service request ended:  >>> 
2020-09-24 20:56:27,856 285900 INFO  - ==> GRPC service request successfull:  >>> 
